Traceback (most recent call last):
  File "/Users/jasdeep.bhangal/.gemini/antigravity/playground/Project-Lexicon/venv/lib/python3.13/site-packages/sqlalchemy/engine/base.py", line 1967, in _exec_single_context
    self.dialect.do_execute(
    ~~~~~~~~~~~~~~~~~~~~~~~^
        cursor, str_statement, effective_parameters, context
        ^^^^^^^^^^^^^^^^^^^^^^^^^^^^^^^^^^^^^^^^^^^^^^^^^^^^
    )
    ^
  File "/Users/jasdeep.bhangal/.gemini/antigravity/playground/Project-Lexicon/venv/lib/python3.13/site-packages/sqlalchemy/engine/default.py", line 952, in do_execute
    cursor.execute(statement, parameters)
    ~~~~~~~~~~~~~~^^^^^^^^^^^^^^^^^^^^^^^
psycopg2.errors.UndefinedObject: type "vector" does not exist
LINE 6:  embedding VECTOR(384), 
                   ^


The above exception was the direct cause of the following exception:

Traceback (most recent call last):
  File "/Users/jasdeep.bhangal/.gemini/antigravity/playground/Project-Lexicon/venv/bin/uvicorn", line 7, in <module>
    sys.exit(main())
             ~~~~^^
  File "/Users/jasdeep.bhangal/.gemini/antigravity/playground/Project-Lexicon/venv/lib/python3.13/site-packages/click/core.py", line 1485, in __call__
    return self.main(*args, **kwargs)
           ~~~~~~~~~^^^^^^^^^^^^^^^^^
  File "/Users/jasdeep.bhangal/.gemini/antigravity/playground/Project-Lexicon/venv/lib/python3.13/site-packages/click/core.py", line 1406, in main
    rv = self.invoke(ctx)
  File "/Users/jasdeep.bhangal/.gemini/antigravity/playground/Project-Lexicon/venv/lib/python3.13/site-packages/click/core.py", line 1269, in invoke
    return ctx.invoke(self.callback, **ctx.params)
           ~~~~~~~~~~^^^^^^^^^^^^^^^^^^^^^^^^^^^^^
  File "/Users/jasdeep.bhangal/.gemini/antigravity/playground/Project-Lexicon/venv/lib/python3.13/site-packages/click/core.py", line 824, in invoke
    return callback(*args, **kwargs)
  File "/Users/jasdeep.bhangal/.gemini/antigravity/playground/Project-Lexicon/venv/lib/python3.13/site-packages/uvicorn/main.py", line 424, in main
    run(
    ~~~^
        app,
        ^^^^
    ...<46 lines>...
        h11_max_incomplete_event_size=h11_max_incomplete_event_size,
        ^^^^^^^^^^^^^^^^^^^^^^^^^^^^^^^^^^^^^^^^^^^^^^^^^^^^^^^^^^^^
    )
    ^
  File "/Users/jasdeep.bhangal/.gemini/antigravity/playground/Project-Lexicon/venv/lib/python3.13/site-packages/uvicorn/main.py", line 594, in run
    server.run()
    ~~~~~~~~~~^^
  File "/Users/jasdeep.bhangal/.gemini/antigravity/playground/Project-Lexicon/venv/lib/python3.13/site-packages/uvicorn/server.py", line 67, in run
    return asyncio_run(self.serve(sockets=sockets), loop_factory=self.config.get_loop_factory())
  File "/Library/Frameworks/Python.framework/Versions/3.13/lib/python3.13/asyncio/runners.py", line 195, in run
    return runner.run(main)
           ~~~~~~~~~~^^^^^^
  File "/Library/Frameworks/Python.framework/Versions/3.13/lib/python3.13/asyncio/runners.py", line 118, in run
    return self._loop.run_until_complete(task)
           ~~~~~~~~~~~~~~~~~~~~~~~~~~~~~^^^^^^
  File "/Library/Frameworks/Python.framework/Versions/3.13/lib/python3.13/asyncio/base_events.py", line 725, in run_until_complete
    return future.result()
           ~~~~~~~~~~~~~^^
  File "/Users/jasdeep.bhangal/.gemini/antigravity/playground/Project-Lexicon/venv/lib/python3.13/site-packages/uvicorn/server.py", line 71, in serve
    await self._serve(sockets)
  File "/Users/jasdeep.bhangal/.gemini/antigravity/playground/Project-Lexicon/venv/lib/python3.13/site-packages/uvicorn/server.py", line 78, in _serve
    config.load()
    ~~~~~~~~~~~^^
  File "/Users/jasdeep.bhangal/.gemini/antigravity/playground/Project-Lexicon/venv/lib/python3.13/site-packages/uvicorn/config.py", line 439, in load
    self.loaded_app = import_from_string(self.app)
                      ~~~~~~~~~~~~~~~~~~^^^^^^^^^^
  File "/Users/jasdeep.bhangal/.gemini/antigravity/playground/Project-Lexicon/venv/lib/python3.13/site-packages/uvicorn/importer.py", line 19, in import_from_string
    module = importlib.import_module(module_str)
  File "/Library/Frameworks/Python.framework/Versions/3.13/lib/python3.13/importlib/__init__.py", line 88, in import_module
    return _bootstrap._gcd_import(name[level:], package, level)
           ~~~~~~~~~~~~~~~~~~~~~~^^^^^^^^^^^^^^^^^^^^^^^^^^^^^^
  File "<frozen importlib._bootstrap>", line 1387, in _gcd_import
  File "<frozen importlib._bootstrap>", line 1360, in _find_and_load
  File "<frozen importlib._bootstrap>", line 1331, in _find_and_load_unlocked
  File "<frozen importlib._bootstrap>", line 935, in _load_unlocked
  File "<frozen importlib._bootstrap_external>", line 1027, in exec_module
  File "<frozen importlib._bootstrap>", line 488, in _call_with_frames_removed
  File "/Users/jasdeep.bhangal/.gemini/antigravity/playground/Project-Lexicon/backend/main.py", line 14, in <module>
    Base.metadata.create_all(bind=engine)
    ~~~~~~~~~~~~~~~~~~~~~~~~^^^^^^^^^^^^^
  File "/Users/jasdeep.bhangal/.gemini/antigravity/playground/Project-Lexicon/venv/lib/python3.13/site-packages/sqlalchemy/sql/schema.py", line 5928, in create_all
    bind._run_ddl_visitor(
    ~~~~~~~~~~~~~~~~~~~~~^
        ddl.SchemaGenerator, self, checkfirst=checkfirst, tables=tables
        ^^^^^^^^^^^^^^^^^^^^^^^^^^^^^^^^^^^^^^^^^^^^^^^^^^^^^^^^^^^^^^^
    )
    ^
  File "/Users/jasdeep.bhangal/.gemini/antigravity/playground/Project-Lexicon/venv/lib/python3.13/site-packages/sqlalchemy/engine/base.py", line 3260, in _run_ddl_visitor
    conn._run_ddl_visitor(visitorcallable, element, **kwargs)
    ~~~~~~~~~~~~~~~~~~~~~^^^^^^^^^^^^^^^^^^^^^^^^^^^^^^^^^^^^
  File "/Users/jasdeep.bhangal/.gemini/antigravity/playground/Project-Lexicon/venv/lib/python3.13/site-packages/sqlalchemy/engine/base.py", line 2467, in _run_ddl_visitor
    ).traverse_single(element)
      ~~~~~~~~~~~~~~~^^^^^^^^^
  File "/Users/jasdeep.bhangal/.gemini/antigravity/playground/Project-Lexicon/venv/lib/python3.13/site-packages/sqlalchemy/sql/visitors.py", line 661, in traverse_single
    return meth(obj, **kw)
  File "/Users/jasdeep.bhangal/.gemini/antigravity/playground/Project-Lexicon/venv/lib/python3.13/site-packages/sqlalchemy/sql/ddl.py", line 984, in visit_metadata
    self.traverse_single(
    ~~~~~~~~~~~~~~~~~~~~^
        table,
        ^^^^^^
    ...<2 lines>...
        _is_metadata_operation=True,
        ^^^^^^^^^^^^^^^^^^^^^^^^^^^^
    )
    ^
  File "/Users/jasdeep.bhangal/.gemini/antigravity/playground/Project-Lexicon/venv/lib/python3.13/site-packages/sqlalchemy/sql/visitors.py", line 661, in traverse_single
    return meth(obj, **kw)
  File "/Users/jasdeep.bhangal/.gemini/antigravity/playground/Project-Lexicon/venv/lib/python3.13/site-packages/sqlalchemy/sql/ddl.py", line 1022, in visit_table
    )._invoke_with(self.connection)
      ~~~~~~~~~~~~^^^^^^^^^^^^^^^^^
  File "/Users/jasdeep.bhangal/.gemini/antigravity/playground/Project-Lexicon/venv/lib/python3.13/site-packages/sqlalchemy/sql/ddl.py", line 321, in _invoke_with
    return bind.execute(self)
           ~~~~~~~~~~~~^^^^^^
  File "/Users/jasdeep.bhangal/.gemini/antigravity/playground/Project-Lexicon/venv/lib/python3.13/site-packages/sqlalchemy/engine/base.py", line 1419, in execute
    return meth(
        self,
        distilled_parameters,
        execution_options or NO_OPTIONS,
    )
  File "/Users/jasdeep.bhangal/.gemini/antigravity/playground/Project-Lexicon/venv/lib/python3.13/site-packages/sqlalchemy/sql/ddl.py", line 187, in _execute_on_connection
    return connection._execute_ddl(
           ~~~~~~~~~~~~~~~~~~~~~~~^
        self, distilled_params, execution_options
        ^^^^^^^^^^^^^^^^^^^^^^^^^^^^^^^^^^^^^^^^^
    )
    ^
  File "/Users/jasdeep.bhangal/.gemini/antigravity/playground/Project-Lexicon/venv/lib/python3.13/site-packages/sqlalchemy/engine/base.py", line 1530, in _execute_ddl
    ret = self._execute_context(
        dialect,
    ...<4 lines>...
        compiled,
    )
  File "/Users/jasdeep.bhangal/.gemini/antigravity/playground/Project-Lexicon/venv/lib/python3.13/site-packages/sqlalchemy/engine/base.py", line 1846, in _execute_context
    return self._exec_single_context(
           ~~~~~~~~~~~~~~~~~~~~~~~~~^
        dialect, context, statement, parameters
        ^^^^^^^^^^^^^^^^^^^^^^^^^^^^^^^^^^^^^^^
    )
    ^
  File "/Users/jasdeep.bhangal/.gemini/antigravity/playground/Project-Lexicon/venv/lib/python3.13/site-packages/sqlalchemy/engine/base.py", line 1986, in _exec_single_context
    self._handle_dbapi_exception(
    ~~~~~~~~~~~~~~~~~~~~~~~~~~~~^
        e, str_statement, effective_parameters, cursor, context
        ^^^^^^^^^^^^^^^^^^^^^^^^^^^^^^^^^^^^^^^^^^^^^^^^^^^^^^^
    )
    ^
  File "/Users/jasdeep.bhangal/.gemini/antigravity/playground/Project-Lexicon/venv/lib/python3.13/site-packages/sqlalchemy/engine/base.py", line 2363, in _handle_dbapi_exception
    raise sqlalchemy_exception.with_traceback(exc_info[2]) from e
  File "/Users/jasdeep.bhangal/.gemini/antigravity/playground/Project-Lexicon/venv/lib/python3.13/site-packages/sqlalchemy/engine/base.py", line 1967, in _exec_single_context
    self.dialect.do_execute(
    ~~~~~~~~~~~~~~~~~~~~~~~^
        cursor, str_statement, effective_parameters, context
        ^^^^^^^^^^^^^^^^^^^^^^^^^^^^^^^^^^^^^^^^^^^^^^^^^^^^
    )
    ^
  File "/Users/jasdeep.bhangal/.gemini/antigravity/playground/Project-Lexicon/venv/lib/python3.13/site-packages/sqlalchemy/engine/default.py", line 952, in do_execute
    cursor.execute(statement, parameters)
    ~~~~~~~~~~~~~~^^^^^^^^^^^^^^^^^^^^^^^
sqlalchemy.exc.ProgrammingError: (psycopg2.errors.UndefinedObject) type "vector" does not exist
LINE 6:  embedding VECTOR(384), 
                   ^

[SQL: 
CREATE TABLE document_chunks (
	id SERIAL NOT NULL, 
	document_id INTEGER, 
	content TEXT, 
	embedding VECTOR(384), 
	PRIMARY KEY (id), 
	FOREIGN KEY(document_id) REFERENCES documents (id)
)

]
(Background on this error at: https://sqlalche.me/e/20/f405)
INFO:     Started server process [21885]
INFO:     Waiting for application startup.
INFO:     Application startup complete.
INFO:     Uvicorn running on http://0.0.0.0:8000 (Press CTRL+C to quit)
/Library/Frameworks/Python.framework/Versions/3.13/lib/python3.13/multiprocessing/resource_tracker.py:324: UserWarning: resource_tracker: There appear to be 1 leaked semaphore objects to clean up at shutdown: {'/loky-21885-6g97bucg'}
  warnings.warn(
INFO:     Started server process [22237]
INFO:     Waiting for application startup.
INFO:     Application startup complete.
INFO:     Uvicorn running on http://0.0.0.0:8000 (Press CTRL+C to quit)
Loading local embedding model: BAAI/bge-small-en-v1.5...
Local embedding model loaded.
Batches:   0%|          | 0/1 [00:00<?, ?it/s]Batches: 100%|██████████| 1/1 [00:01<00:00,  1.65s/it]Batches: 100%|██████████| 1/1 [00:01<00:00,  1.65s/it]
INFO:     127.0.0.1:53132 - "POST /ingest HTTP/1.1" 200 OK
Batches:   0%|          | 0/1 [00:00<?, ?it/s]Batches: 100%|██████████| 1/1 [00:00<00:00,  2.05it/s]Batches: 100%|██████████| 1/1 [00:00<00:00,  2.05it/s]
INFO:     127.0.0.1:53137 - "POST /query HTTP/1.1" 200 OK
INFO:     Shutting down
INFO:     Waiting for application shutdown.
INFO:     Application shutdown complete.
INFO:     Finished server process [22237]
/Library/Frameworks/Python.framework/Versions/3.13/lib/python3.13/multiprocessing/resource_tracker.py:324: UserWarning: resource_tracker: There appear to be 1 leaked semaphore objects to clean up at shutdown: {'/loky-22237-xe7p7y4e'}
  warnings.warn(
